<?xml version="1.0" encoding="UTF-8"?>
<!-- Generated by org.testng.reporters.JUnitXMLReporter -->
<testsuite hostname="994560APD034394" ignored="0" name="Test" tests="2" failures="1" timestamp="09 Sep 2019 18:46:41 GMT" time="13.995" errors="0">
  <testcase name="test1" time="8.519" classname="MavenTestProject.TestMaven.SampleTest">
    <failure type="java.lang.AssertionError" message="null">
      <![CDATA[java.lang.AssertionError: null
at MavenTestProject.TestMaven.SampleTest.test1(SampleTest.java:29)
... Removed 27 stack frames]]>
    </failure>
  </testcase> <!-- test1 -->
  <testcase name="test1" time="5.447" classname="MavenTestProject.TestMaven.SampleTest2"/>
</testsuite> <!-- Test -->
